{"timestamp": "2023-09-04 22:15:39,195", "type": "action", "action_name": "updateauth", "account": "eosio", "receiver": "eosio", "params": {"account": "battlefield1", "auth": "*"}}
{"timestamp": "2023-09-04 22:15:39,368", "type": "action", "action_name": "buyrambytes", "account": "eosio", "receiver": "eosio", "params": {"bytes": 20480000, "payer": "eosio", "receiver": "battlefield1"}}
{"timestamp": "2023-09-04 22:15:39,368", "type": "dbop", "table_name": "userres", "code": "eosio", "scope": "battlefield1", "fields": {"cpu_weight": "*", "net_weight": "*", "owner": "battlefield1", "ram_bytes": "*"}}
{"timestamp": "2023-09-04 22:15:39,395", "type": "action", "action_name": "buyrambytes", "account": "eosio", "receiver": "eosio", "params": {"bytes": 1024000, "payer": "eosio", "receiver": "battlefield3"}}
{"timestamp": "2023-09-04 22:15:39,424", "type": "action", "action_name": "buyrambytes", "account": "eosio", "receiver": "eosio", "params": {"bytes": 1024000, "payer": "eosio", "receiver": "notified2"}}
{"timestamp": "2023-09-04 22:15:40,100", "type": "action", "action_name": "setcode", "account": "eosio", "receiver": "eosio", "params": {"account": "battlefield1", "code": "*", "vmtype": 0, "vmversion": 0}}
{"timestamp": "2023-09-04 22:15:40,168", "type": "action", "action_name": "setcode", "account": "eosio", "receiver": "eosio", "params": {"account": "battlefield3", "code": "*", "vmtype": 0, "vmversion": 0}}
{"timestamp": "2023-09-04 22:15:40,236", "type": "action", "action_name": "setcode", "account": "eosio", "receiver": "eosio", "params": {"account": "notified2", "code": "*", "vmtype": 0, "vmversion": 0}}
{"timestamp": "2023-09-04 22:15:40,867", "type": "action", "action_name": "dbins", "account": "battlefield1", "receiver": "battlefield1", "params": {"account": "battlefield1"}}
{"timestamp": "2023-09-04 22:15:40,867", "type": "dbop", "table_name": "member", "code": "battlefield1", "scope": "battlefield1", "fields": {"account": "dbops1", "amount": "0 ", "created_at": "*", "expires_at": "1970-01-01T00:00:00", "id": 1, "memo": "inserted billed to calling account"}}
{"timestamp": "2023-09-04 22:15:40,867", "type": "dbop", "table_name": "member", "code": "battlefield1", "scope": "battlefield1", "fields": {"account": "dbops2", "amount": "0 ", "created_at": "*", "expires_at": "1970-01-01T00:00:00", "id": 2, "memo": "inserted billed to self"}}
{"timestamp": "2023-09-04 22:15:41,491", "type": "action", "action_name": "dbupd", "account": "battlefield1", "receiver": "battlefield1", "params": {"account": "battlefield2"}}
{"timestamp": "2023-09-04 22:15:41,491", "type": "dbop", "table_name": "member", "code": "battlefield1", "scope": "battlefield1", "fields": {"account": "dbops1", "amount": "0 ", "created_at": "*", "expires_at": "1970-01-01T00:00:00", "id": 1, "memo": "updated row 1"}}
{"timestamp": "2023-09-04 22:15:41,491", "type": "dbop", "table_name": "member", "code": "battlefield1", "scope": "battlefield1", "fields": {"account": "dbops2", "amount": "0 ", "created_at": "*", "expires_at": "1970-01-01T00:00:00", "id": 2, "memo": "updated row 2"}}
{"timestamp": "2023-09-04 22:15:42,116", "type": "action", "action_name": "dbrem", "account": "battlefield1", "receiver": "battlefield1", "params": {"account": "battlefield1"}}
{"timestamp": "2023-09-04 22:15:42,117", "type": "dbop", "table_name": "member", "code": "battlefield1", "scope": "battlefield1", "fields": {}}
{"timestamp": "2023-09-04 22:15:42,117", "type": "dbop", "table_name": "member", "code": "battlefield1", "scope": "battlefield1", "fields": {}}
{"timestamp": "2023-09-04 22:15:42,744", "type": "action", "action_name": "dtrx", "account": "battlefield1", "receiver": "battlefield1", "params": {"account": "battlefield1", "delay_sec": 1, "fail_later": 0, "fail_later_nested": 0, "fail_now": 0, "nonce": "1"}}
{"timestamp": "2023-09-04 22:15:42,769", "type": "action", "action_name": "dtrxcancel", "account": "battlefield1", "receiver": "battlefield1", "params": {"account": "battlefield1"}}
{"timestamp": "2023-09-04 22:15:44,001", "type": "action", "action_name": "dtrx", "account": "battlefield1", "receiver": "battlefield1", "params": {"account": "battlefield1", "delay_sec": 1, "fail_later": 0, "fail_later_nested": 0, "fail_now": 0, "nonce": "1"}}
{"timestamp": "2023-09-04 22:15:44,029", "type": "action", "action_name": "dtrx", "account": "battlefield1", "receiver": "battlefield1", "params": {"account": "battlefield1", "delay_sec": 1, "fail_later": 0, "fail_later_nested": 0, "fail_now": 0, "nonce": "2"}}
{"timestamp": "2023-09-04 22:15:44,029", "type": "action", "action_name": "dtrxexec", "account": "battlefield1", "receiver": "battlefield1", "params": {"account": "battlefield1", "fail": 0, "failNested": 0, "nonce": "2"}}
{"timestamp": "2023-09-04 22:15:44,029", "type": "action", "action_name": "nestdtrxexec", "account": "battlefield1", "receiver": "battlefield1", "params": {"fail": 0}}
{"timestamp": "2023-09-04 22:15:44,655", "type": "action", "action_name": "dtrx", "account": "battlefield1", "receiver": "battlefield1", "params": {"account": "battlefield1", "delay_sec": 1, "fail_later": 1, "fail_later_nested": 0, "fail_now": 0, "nonce": "1"}}
{"timestamp": "2023-09-04 22:15:45,785", "type": "action", "action_name": "dtrx", "account": "battlefield1", "receiver": "battlefield1", "params": {"account": "battlefield1", "delay_sec": 1, "fail_later": 0, "fail_later_nested": 1, "fail_now": 0, "nonce": "2"}}
{"timestamp": "2023-09-04 22:15:46,917", "type": "action", "action_name": "dtrx", "account": "battlefield3", "receiver": "battlefield3", "params": {"account": "battlefield3", "delay_sec": 1, "fail_later": 1, "fail_later_nested": 0, "fail_now": 0, "nonce": "1"}}
{"timestamp": "2023-09-04 22:15:46,917", "type": "action", "action_name": "onerror", "account": "eosio", "receiver": "battlefield3", "params": {"sender_id": "*", "sent_trx": "*"}}
{"timestamp": "2023-09-04 22:15:48,048", "type": "action", "action_name": "dtrx", "account": "battlefield3", "receiver": "battlefield3", "params": {"account": "battlefield3", "delay_sec": 1, "fail_later": 0, "fail_later_nested": 1, "fail_now": 0, "nonce": "2"}}
{"timestamp": "2023-09-04 22:15:48,048", "type": "action", "action_name": "onerror", "account": "eosio", "receiver": "battlefield3", "params": {"sender_id": "*", "sent_trx": "*"}}
{"timestamp": "2023-09-04 22:15:49,173", "type": "action", "action_name": "dtrx", "account": "battlefield3", "receiver": "battlefield3", "params": {"account": "battlefield3", "delay_sec": 1, "fail_later": 1, "fail_later_nested": 0, "fail_now": 0, "nonce": "nf"}}
{"timestamp": "2023-09-04 22:15:50,303", "type": "action", "action_name": "dbinstwo", "account": "battlefield1", "receiver": "battlefield1", "params": {"account": "battlefield1", "first": 100, "second": 101}}
{"timestamp": "2023-09-04 22:15:50,304", "type": "dbop", "table_name": "member", "code": "battlefield1", "scope": "battlefield1", "fields": {"account": "...........a4", "amount": "0 ", "created_at": "*", "expires_at": "1970-01-01T00:00:00", "id": 100, "memo": "inserted billed to calling account"}}
{"timestamp": "2023-09-04 22:15:50,304", "type": "dbop", "table_name": "member", "code": "battlefield1", "scope": "battlefield1", "fields": {"account": "...........a5", "amount": "0 ", "created_at": "*", "expires_at": "1970-01-01T00:00:00", "id": 101, "memo": "inserted billed to self"}}
{"timestamp": "2023-09-04 22:15:51,477", "type": "action", "action_name": "dbremtwo", "account": "battlefield1", "receiver": "battlefield1", "params": {"account": "battlefield1", "first": 100, "second": 101}}
{"timestamp": "2023-09-04 22:15:51,477", "type": "dbop", "table_name": "member", "code": "battlefield1", "scope": "battlefield1", "fields": {}}
{"timestamp": "2023-09-04 22:15:51,477", "type": "dbop", "table_name": "member", "code": "battlefield1", "scope": "battlefield1", "fields": {}}
{"timestamp": "2023-09-04 22:15:52,604", "type": "action", "action_name": "dbinstwo", "account": "battlefield1", "receiver": "battlefield1", "params": {"account": "battlefield1", "first": 200, "second": 201}}
{"timestamp": "2023-09-04 22:15:52,604", "type": "dbop", "table_name": "member", "code": "battlefield1", "scope": "battlefield1", "fields": {"account": "...........gc", "amount": "0 ", "created_at": "*", "expires_at": "1970-01-01T00:00:00", "id": 100, "memo": "inserted billed to calling account"}}
{"timestamp": "2023-09-04 22:15:52,604", "type": "dbop", "table_name": "member", "code": "battlefield1", "scope": "battlefield1", "fields": {"account": "...........gd", "amount": "0 ", "created_at": "*", "expires_at": "1970-01-01T00:00:00", "id": 101, "memo": "inserted billed to self"}}
{"timestamp": "2023-09-04 22:15:53,231", "type": "action", "action_name": "dbremtwo", "account": "battlefield1", "receiver": "battlefield1", "params": {"account": "battlefield1", "first": 200, "second": 201}}
{"timestamp": "2023-09-04 22:15:53,231", "type": "dbop", "table_name": "member", "code": "battlefield1", "scope": "battlefield1", "fields": {}}
{"timestamp": "2023-09-04 22:15:53,231", "type": "dbop", "table_name": "member", "code": "battlefield1", "scope": "battlefield1", "fields": {}}
